PREPROC
PREPROC
PREPROC
STATIC
ID
ID
[
ID
ADD
INTVAL
]
;
STATIC
ID
ID
;
STATIC
CHAR
MUL
ID
;
STATIC
ID
ID
;
STATIC
ID
ID
;
VOID
ID
(
CONST
CHAR
MUL
ID
)
{
ID
ID
;
ID
SET
ID
(
ID
)
;
FOR
(
ID
SET
INTVAL
;
ID
LE
ID
;
ID
ADD
ADD
)
ID
[
ID
]
SET
ID
;
FOR
(
ID
SET
INTVAL
;
ID
LT
ID
;
ID
ADD
ADD
)
ID
[
(
UNSIGNED
CHAR
)
ID
[
ID
]
]
SET
ID
SUB
ID
SUB
INTVAL
;
ID
SET
(
CHAR
MUL
)
ID
;
}
CHAR
MUL
ID
(
CONST
CHAR
MUL
ID
)
{
REGISTER
ID
ID
;
REGISTER
ID
ID
SET
ID
SUB
INTVAL
;
CHAR
MUL
ID
;
ID
ID
SET
ID
(
ID
)
;
ID
SET
INTVAL
;
WHILE
(
ID
LT
ID
)
{
WHILE
(
ID
LT
ID
AND
(
ID
SET
ID
[
(
UNSIGNED
CHAR
)
ID
[
ID
]
]
)
GT
INTVAL
)
{
ID
SETADD
ID
;
}
IF
(
INTVAL
EQ
ID
)
{
IF
(
INTVAL
EQ
ID
(
ID
,
ID
SET
(
CHAR
MUL
)
BITAND
ID
[
ID
SUB
ID
ADD
INTVAL
]
,
ID
)
)
{
ID
SET
ID
(
ID
)
;
RETURN
(
ID
)
;
}
ELSE
ID
ADD
ADD
;
}
}
RETURN
ID
;
}
PREPROC
ID
(
)
{
CHAR
MUL
ID
;
CHAR
MUL
ID
[
]
SET
{
STRVAL
,
STRVAL
,
STRVAL
,
STRVAL
,
STRVAL
,
STRVAL
,
STRVAL
,
STRVAL
,
STRVAL
,
STRVAL
,
STRVAL
,
STRVAL
,
STRVAL
,
STRVAL
,
STRVAL
,
STRVAL
,
STRVAL
,
STRVAL
,
STRVAL
,
STRVAL
,
STRVAL
,
STRVAL
,
STRVAL
,
STRVAL
,
STRVAL
,
STRVAL
,
STRVAL
,
STRVAL
,
STRVAL
,
STRVAL
,
STRVAL
,
STRVAL
,
STRVAL
,
STRVAL
,
STRVAL
,
STRVAL
,
STRVAL
,
STRVAL
,
STRVAL
,
STRVAL
,
STRVAL
,
STRVAL
,
STRVAL
,
STRVAL
,
STRVAL
,
STRVAL
,
STRVAL
,
STRVAL
,
STRVAL
,
STRVAL
,
STRVAL
,
STRVAL
,
STRVAL
,
STRVAL
,
STRVAL
,
STRVAL
,
STRVAL
,
ID
}
;
CHAR
MUL
ID
[
]
SET
{
STRVAL
,
STRVAL
,
STRVAL
,
STRVAL
,
STRVAL
,
STRVAL
,
STRVAL
,
STRVAL
,
STRVAL
,
STRVAL
,
STRVAL
,
STRVAL
,
STRVAL
,
STRVAL
,
STRVAL
,
STRVAL
,
STRVAL
,
STRVAL
,
STRVAL
,
STRVAL
,
STRVAL
,
STRVAL
,
STRVAL
,
STRVAL
,
STRVAL
,
STRVAL
,
STRVAL
,
STRVAL
,
STRVAL
,
STRVAL
,
STRVAL
,
STRVAL
,
STRVAL
,
STRVAL
,
STRVAL
,
STRVAL
,
STRVAL
,
STRVAL
,
STRVAL
,
STRVAL
,
STRVAL
,
STRVAL
,
STRVAL
,
STRVAL
,
STRVAL
,
STRVAL
,
STRVAL
,
STRVAL
,
STRVAL
,
STRVAL
,
STRVAL
,
STRVAL
,
STRVAL
,
STRVAL
,
STRVAL
,
STRVAL
,
STRVAL
}
;
INT
ID
;
FOR
(
ID
SET
INTVAL
;
;
ID
ADD
ADD
)
{
ID
(
ID
[
ID
]
)
;
ID
SET
ID
(
ID
[
ID
]
)
;
IF
(
ID
)
ID
(
CHARVAL
)
;
IF
(
(
(
ID
GT
INTVAL
)
AND
(
ID
LT
INTVAL
)
)
OR
(
(
ID
GT
INTVAL
)
AND
(
ID
LT
INTVAL
)
)
)
ID
SET
ID
;
}
RETURN
INTVAL
;
}
