Loaded 4 core(s) and 5 job(s) using Round Robin (RR) with a quantum of 4 scheduling...

=== [TIME 0] ===
A new job, job 0 (running time=3, priority=2), arrived. Job 0 is now running on core 0.
  Queue: 0(-1) 

At the end of time unit 0...
  Core  0: 0
  Core  1: -
  Core  2: -
  Core  3: -

  Queue: 0(-1) 

=== [TIME 1] ===
A new job, job 1 (running time=10, priority=3), arrived. Job 1 is now running on core 1.
  Queue: 0(-1) 1(-1) 

At the end of time unit 1...
  Core  0: 00
  Core  1: -1
  Core  2: --
  Core  3: --

  Queue: 0(-1) 1(-1) 

=== [TIME 2] ===
A new job, job 2 (running time=5, priority=1), arrived. Job 2 is now running on core 2.
  Queue: 0(-1) 1(-1) 2(-1) 

At the end of time unit 2...
  Core  0: 000
  Core  1: -11
  Core  2: --2
  Core  3: ---

  Queue: 0(-1) 1(-1) 2(-1) 

=== [TIME 3] ===
Job 0, running on core 0, finished. Core 0 is now running job -1.
  Queue: 1(-1) 2(-1) 

A new job, job 3 (running time=2, priority=4), arrived. Job 3 is now running on core 0.
  Queue: 3(-1) 1(-1) 2(-1) 

At the end of time unit 3...
  Core  0: 0003
  Core  1: -111
  Core  2: --22
  Core  3: ----

  Queue: 3(-1) 1(-1) 2(-1) 

=== [TIME 4] ===
A new job, job 4 (running time=4, priority=5), arrived. Job 4 is now running on core 3.
  Queue: 3(-1) 1(-1) 2(-1) 4(-1) 

At the end of time unit 4...
  Core  0: 00033
  Core  1: -1111
  Core  2: --222
  Core  3: ----4

  Queue: 3(-1) 1(-1) 2(-1) 4(-1) 

=== [TIME 5] ===
Job 3, running on core 0, finished. Core 0 is now running job -1.
  Queue: 1(-1) 2(-1) 4(-1) 

Job 1, running on core 1, had its quantum expire. Core 1 is now running job 1.
  Queue: 1(-1) 2(-1) 4(-1) 

At the end of time unit 5...
  Core  0: 00033-
  Core  1: -11111
  Core  2: --2222
  Core  3: ----44

  Queue: 1(-1) 2(-1) 4(-1) 

=== [TIME 6] ===
Job 2, running on core 2, had its quantum expire. Core 2 is now running job 2.
  Queue: 1(-1) 2(-1) 4(-1) 

At the end of time unit 6...
  Core  0: 00033--
  Core  1: -111111
  Core  2: --22222
  Core  3: ----444

  Queue: 1(-1) 2(-1) 4(-1) 

=== [TIME 7] ===
Job 2, running on core 2, finished. Core 2 is now running job -1.
  Queue: 1(-1) 4(-1) 

At the end of time unit 7...
  Core  0: 00033---
  Core  1: -1111111
  Core  2: --22222-
  Core  3: ----4444

  Queue: 1(-1) 4(-1) 

=== [TIME 8] ===
Job 4, running on core 3, finished. Core 3 is now running job -1.
  Queue: 1(-1) 

At the end of time unit 8...
  Core  0: 00033----
  Core  1: -11111111
  Core  2: --22222--
  Core  3: ----4444-

  Queue: 1(-1) 

=== [TIME 9] ===
Job 1, running on core 1, had its quantum expire. Core 1 is now running job 1.
  Queue: 1(-1) 

At the end of time unit 9...
  Core  0: 00033-----
  Core  1: -111111111
  Core  2: --22222---
  Core  3: ----4444--

  Queue: 1(-1) 

=== [TIME 10] ===
At the end of time unit 10...
  Core  0: 00033------
  Core  1: -1111111111
  Core  2: --22222----
  Core  3: ----4444---

  Queue: 1(-1) 

=== [TIME 11] ===
Job 1, running on core 1, finished. Core 1 is now running job -1.
  Queue: 

FINAL TIMING DIAGRAM:
  Core  0: 00033------
  Core  1: -1111111111
  Core  2: --22222----
  Core  3: ----4444---

Average Waiting Time: 0.00
Average Turnaround Time: 4.80
Average Response Time: 0.00
